<?xml version="1.0" encoding="UTF-8"?>
<testsuite xmlns:xsi="http://www.w3.org/2001/XMLSchema-instance" xsi:noNamespaceSchemaLocation="https://maven.apache.org/surefire/maven-surefire-plugin/xsd/surefire-test-report-3.0.xsd" version="3.0" name="runner.RunnerTest" time="27.062" tests="1" errors="0" skipped="0" failures="0">
  <properties>
    <property name="gopherProxySet" value="false"/>
    <property name="awt.toolkit" value="sun.lwawt.macosx.LWCToolkit"/>
    <property name="java.specification.version" value="11"/>
    <property name="sun.cpu.isalist" value=""/>
    <property name="sun.jnu.encoding" value="UTF-8"/>
    <property name="java.class.path" value="/Users/azzamnizar/.m2/repository/org/apache/maven/surefire/surefire-booter/3.0.0-M5/surefire-booter-3.0.0-M5.jar:/Users/azzamnizar/.m2/repository/org/apache/maven/surefire/surefire-api/3.0.0-M5/surefire-api-3.0.0-M5.jar:/Users/azzamnizar/.m2/repository/org/apache/maven/surefire/surefire-logger-api/3.0.0-M5/surefire-logger-api-3.0.0-M5.jar:/Users/azzamnizar/.m2/repository/org/apache/maven/surefire/surefire-shared-utils/3.0.0-M4/surefire-shared-utils-3.0.0-M4.jar:/Users/azzamnizar/.m2/repository/org/apache/maven/surefire/surefire-extensions-spi/3.0.0-M5/surefire-extensions-spi-3.0.0-M5.jar:/Users/azzamnizar/IdeaProjects/SauceLabsAppium/target/test-classes:/Users/azzamnizar/IdeaProjects/SauceLabsAppium/target/classes:/Users/azzamnizar/.m2/repository/com/github/javafaker/javafaker/1.0.2/javafaker-1.0.2.jar:/Users/azzamnizar/.m2/repository/org/apache/commons/commons-lang3/3.5/commons-lang3-3.5.jar:/Users/azzamnizar/.m2/repository/org/yaml/snakeyaml/1.23/snakeyaml-1.23-android.jar:/Users/azzamnizar/.m2/repository/com/github/mifmif/generex/1.0.2/generex-1.0.2.jar:/Users/azzamnizar/.m2/repository/dk/brics/automaton/automaton/1.11-8/automaton-1.11-8.jar:/Users/azzamnizar/.m2/repository/io/appium/java-client/7.6.0/java-client-7.6.0.jar:/Users/azzamnizar/.m2/repository/org/seleniumhq/selenium/selenium-java/3.141.59/selenium-java-3.141.59.jar:/Users/azzamnizar/.m2/repository/org/seleniumhq/selenium/selenium-chrome-driver/3.141.59/selenium-chrome-driver-3.141.59.jar:/Users/azzamnizar/.m2/repository/org/seleniumhq/selenium/selenium-edge-driver/3.141.59/selenium-edge-driver-3.141.59.jar:/Users/azzamnizar/.m2/repository/org/seleniumhq/selenium/selenium-firefox-driver/3.141.59/selenium-firefox-driver-3.141.59.jar:/Users/azzamnizar/.m2/repository/org/seleniumhq/selenium/selenium-ie-driver/3.141.59/selenium-ie-driver-3.141.59.jar:/Users/azzamnizar/.m2/repository/org/seleniumhq/selenium/selenium-opera-driver/3.141.59/selenium-opera-driver-3.141.59.jar:/Users/azzamnizar/.m2/repository/org/seleniumhq/selenium/selenium-remote-driver/3.141.59/selenium-remote-driver-3.141.59.jar:/Users/azzamnizar/.m2/repository/org/seleniumhq/selenium/selenium-safari-driver/3.141.59/selenium-safari-driver-3.141.59.jar:/Users/azzamnizar/.m2/repository/net/bytebuddy/byte-buddy/1.8.15/byte-buddy-1.8.15.jar:/Users/azzamnizar/.m2/repository/org/apache/commons/commons-exec/1.3/commons-exec-1.3.jar:/Users/azzamnizar/.m2/repository/com/google/guava/guava/25.0-jre/guava-25.0-jre.jar:/Users/azzamnizar/.m2/repository/org/checkerframework/checker-compat-qual/2.0.0/checker-compat-qual-2.0.0.jar:/Users/azzamnizar/.m2/repository/com/google/errorprone/error_prone_annotations/2.1.3/error_prone_annotations-2.1.3.jar:/Users/azzamnizar/.m2/repository/com/google/j2objc/j2objc-annotations/1.1/j2objc-annotations-1.1.jar:/Users/azzamnizar/.m2/repository/org/codehaus/mojo/animal-sniffer-annotations/1.14/animal-sniffer-annotations-1.14.jar:/Users/azzamnizar/.m2/repository/com/squareup/okhttp3/okhttp/3.11.0/okhttp-3.11.0.jar:/Users/azzamnizar/.m2/repository/com/squareup/okio/okio/1.14.0/okio-1.14.0.jar:/Users/azzamnizar/.m2/repository/org/seleniumhq/selenium/selenium-support/3.141.59/selenium-support-3.141.59.jar:/Users/azzamnizar/.m2/repository/org/seleniumhq/selenium/selenium-api/3.141.59/selenium-api-3.141.59.jar:/Users/azzamnizar/.m2/repository/com/google/code/gson/gson/2.8.8/gson-2.8.8.jar:/Users/azzamnizar/.m2/repository/org/apache/httpcomponents/httpclient/4.5.13/httpclient-4.5.13.jar:/Users/azzamnizar/.m2/repository/org/apache/httpcomponents/httpcore/4.4.13/httpcore-4.4.13.jar:/Users/azzamnizar/.m2/repository/commons-logging/commons-logging/1.2/commons-logging-1.2.jar:/Users/azzamnizar/.m2/repository/commons-codec/commons-codec/1.11/commons-codec-1.11.jar:/Users/azzamnizar/.m2/repository/cglib/cglib/3.3.0/cglib-3.3.0.jar:/Users/azzamnizar/.m2/repository/org/ow2/asm/asm/7.1/asm-7.1.jar:/Users/azzamnizar/.m2/repository/commons-validator/commons-validator/1.7/commons-validator-1.7.jar:/Users/azzamnizar/.m2/repository/commons-beanutils/commons-beanutils/1.9.4/commons-beanutils-1.9.4.jar:/Users/azzamnizar/.m2/repository/commons-digester/commons-digester/2.1/commons-digester-2.1.jar:/Users/azzamnizar/.m2/repository/commons-collections/commons-collections/3.2.2/commons-collections-3.2.2.jar:/Users/azzamnizar/.m2/repository/commons-io/commons-io/2.11.0/commons-io-2.11.0.jar:/Users/azzamnizar/.m2/repository/org/springframework/spring-context/5.3.10/spring-context-5.3.10.jar:/Users/azzamnizar/.m2/repository/org/springframework/spring-aop/5.3.10/spring-aop-5.3.10.jar:/Users/azzamnizar/.m2/repository/org/springframework/spring-beans/5.3.10/spring-beans-5.3.10.jar:/Users/azzamnizar/.m2/repository/org/springframework/spring-core/5.3.10/spring-core-5.3.10.jar:/Users/azzamnizar/.m2/repository/org/springframework/spring-jcl/5.3.10/spring-jcl-5.3.10.jar:/Users/azzamnizar/.m2/repository/org/springframework/spring-expression/5.3.10/spring-expression-5.3.10.jar:/Users/azzamnizar/.m2/repository/org/aspectj/aspectjweaver/1.9.7/aspectjweaver-1.9.7.jar:/Users/azzamnizar/.m2/repository/org/slf4j/slf4j-api/1.7.32/slf4j-api-1.7.32.jar:/Users/azzamnizar/.m2/repository/io/cucumber/cucumber-java/7.5.0/cucumber-java-7.5.0.jar:/Users/azzamnizar/.m2/repository/io/cucumber/cucumber-core/7.5.0/cucumber-core-7.5.0.jar:/Users/azzamnizar/.m2/repository/io/cucumber/cucumber-gherkin/7.5.0/cucumber-gherkin-7.5.0.jar:/Users/azzamnizar/.m2/repository/io/cucumber/cucumber-gherkin-messages/7.5.0/cucumber-gherkin-messages-7.5.0.jar:/Users/azzamnizar/.m2/repository/io/cucumber/messages/18.0.0/messages-18.0.0.jar:/Users/azzamnizar/.m2/repository/io/cucumber/tag-expressions/4.1.0/tag-expressions-4.1.0.jar:/Users/azzamnizar/.m2/repository/io/cucumber/cucumber-expressions/16.0.0/cucumber-expressions-16.0.0.jar:/Users/azzamnizar/.m2/repository/io/cucumber/datatable/7.5.0/datatable-7.5.0.jar:/Users/azzamnizar/.m2/repository/io/cucumber/cucumber-plugin/7.5.0/cucumber-plugin-7.5.0.jar:/Users/azzamnizar/.m2/repository/io/cucumber/docstring/7.5.0/docstring-7.5.0.jar:/Users/azzamnizar/.m2/repository/io/cucumber/html-formatter/19.2.0/html-formatter-19.2.0.jar:/Users/azzamnizar/.m2/repository/io/cucumber/ci-environment/9.1.0/ci-environment-9.1.0.jar:/Users/azzamnizar/.m2/repository/org/apiguardian/apiguardian-api/1.1.2/apiguardian-api-1.1.2.jar:/Users/azzamnizar/.m2/repository/io/cucumber/cucumber-testng/7.8.1/cucumber-testng-7.8.1.jar:/Users/azzamnizar/.m2/repository/org/testng/testng/7.6.1/testng-7.6.1.jar:/Users/azzamnizar/.m2/repository/com/google/code/findbugs/jsr305/3.0.2/jsr305-3.0.2.jar:/Users/azzamnizar/.m2/repository/com/beust/jcommander/1.82/jcommander-1.82.jar:/Users/azzamnizar/.m2/repository/org/webjars/jquery/3.6.0/jquery-3.6.0.jar:/Users/azzamnizar/.m2/repository/io/cucumber/cucumber-picocontainer/7.8.1/cucumber-picocontainer-7.8.1.jar:/Users/azzamnizar/.m2/repository/org/picocontainer/picocontainer/2.15/picocontainer-2.15.jar:/Users/azzamnizar/.m2/repository/me/jvt/cucumber/reporting-plugin/7.3.0/reporting-plugin-7.3.0.jar:/Users/azzamnizar/.m2/repository/io/cucumber/gherkin/23.0.1/gherkin-23.0.1.jar:/Users/azzamnizar/.m2/repository/net/masterthought/cucumber-reporting/5.7.0/cucumber-reporting-5.7.0.jar:/Users/azzamnizar/.m2/repository/com/fasterxml/jackson/core/jackson-databind/2.13.0/jackson-databind-2.13.0.jar:/Users/azzamnizar/.m2/repository/com/fasterxml/jackson/core/jackson-annotations/2.13.0/jackson-annotations-2.13.0.jar:/Users/azzamnizar/.m2/repository/com/fasterxml/jackson/core/jackson-core/2.13.0/jackson-core-2.13.0.jar:/Users/azzamnizar/.m2/repository/com/fasterxml/jackson/datatype/jackson-datatype-jsr310/2.13.0/jackson-datatype-jsr310-2.13.0.jar:/Users/azzamnizar/.m2/repository/org/apache/velocity/velocity-engine-core/2.3/velocity-engine-core-2.3.jar:/Users/azzamnizar/.m2/repository/joda-time/joda-time/2.10.10/joda-time-2.10.10.jar:/Users/azzamnizar/.m2/repository/org/codehaus/plexus/plexus-utils/3.3.0/plexus-utils-3.3.0.jar:/Users/azzamnizar/.m2/repository/org/jsoup/jsoup/1.14.2/jsoup-1.14.2.jar:/Users/azzamnizar/.m2/repository/com/googlecode/owasp-java-html-sanitizer/owasp-java-html-sanitizer/20211018.2/owasp-java-html-sanitizer-20211018.2.jar:/Users/azzamnizar/.m2/repository/commons-configuration/commons-configuration/1.10/commons-configuration-1.10.jar:/Users/azzamnizar/.m2/repository/commons-lang/commons-lang/2.6/commons-lang-2.6.jar:/Users/azzamnizar/.m2/repository/org/apache/maven/surefire/surefire-testng/3.0.0-M5/surefire-testng-3.0.0-M5.jar:/Users/azzamnizar/.m2/repository/org/apache/maven/surefire/common-java5/3.0.0-M5/common-java5-3.0.0-M5.jar:/Users/azzamnizar/.m2/repository/org/apache/maven/surefire/surefire-testng-utils/3.0.0-M5/surefire-testng-utils-3.0.0-M5.jar:/Users/azzamnizar/.m2/repository/org/apache/maven/surefire/surefire-grouper/3.0.0-M5/surefire-grouper-3.0.0-M5.jar"/>
    <property name="java.vm.vendor" value="Azul Systems, Inc."/>
    <property name="sun.arch.data.model" value="64"/>
    <property name="java.vendor.url" value="http://www.azul.com/"/>
    <property name="user.timezone" value="Asia/Jakarta"/>
    <property name="java.vm.specification.version" value="11"/>
    <property name="os.name" value="Mac OS X"/>
    <property name="sun.java.launcher" value="SUN_STANDARD"/>
    <property name="user.country" value="ID"/>
    <property name="sun.boot.library.path" value="/Users/azzamnizar/.sdkman/candidates/java/11.0.15-zulu/zulu-11.jdk/Contents/Home/lib"/>
    <property name="sun.java.command" value="org.apache.maven.surefire.booter.ForkedBooter /Users/azzamnizar/IdeaProjects/SauceLabsAppium/target/surefire 2022-11-30T14-01-38_383-jvmRun1 surefire16449966048923165282tmp surefire_016548274069299019433tmp"/>
    <property name="http.nonProxyHosts" value="local|*.local|169.254/16|*.169.254/16"/>
    <property name="jdk.debug" value="release"/>
    <property name="surefire.test.class.path" value="/Users/azzamnizar/IdeaProjects/SauceLabsAppium/target/test-classes:/Users/azzamnizar/IdeaProjects/SauceLabsAppium/target/classes:/Users/azzamnizar/.m2/repository/com/github/javafaker/javafaker/1.0.2/javafaker-1.0.2.jar:/Users/azzamnizar/.m2/repository/org/apache/commons/commons-lang3/3.5/commons-lang3-3.5.jar:/Users/azzamnizar/.m2/repository/org/yaml/snakeyaml/1.23/snakeyaml-1.23-android.jar:/Users/azzamnizar/.m2/repository/com/github/mifmif/generex/1.0.2/generex-1.0.2.jar:/Users/azzamnizar/.m2/repository/dk/brics/automaton/automaton/1.11-8/automaton-1.11-8.jar:/Users/azzamnizar/.m2/repository/io/appium/java-client/7.6.0/java-client-7.6.0.jar:/Users/azzamnizar/.m2/repository/org/seleniumhq/selenium/selenium-java/3.141.59/selenium-java-3.141.59.jar:/Users/azzamnizar/.m2/repository/org/seleniumhq/selenium/selenium-chrome-driver/3.141.59/selenium-chrome-driver-3.141.59.jar:/Users/azzamnizar/.m2/repository/org/seleniumhq/selenium/selenium-edge-driver/3.141.59/selenium-edge-driver-3.141.59.jar:/Users/azzamnizar/.m2/repository/org/seleniumhq/selenium/selenium-firefox-driver/3.141.59/selenium-firefox-driver-3.141.59.jar:/Users/azzamnizar/.m2/repository/org/seleniumhq/selenium/selenium-ie-driver/3.141.59/selenium-ie-driver-3.141.59.jar:/Users/azzamnizar/.m2/repository/org/seleniumhq/selenium/selenium-opera-driver/3.141.59/selenium-opera-driver-3.141.59.jar:/Users/azzamnizar/.m2/repository/org/seleniumhq/selenium/selenium-remote-driver/3.141.59/selenium-remote-driver-3.141.59.jar:/Users/azzamnizar/.m2/repository/org/seleniumhq/selenium/selenium-safari-driver/3.141.59/selenium-safari-driver-3.141.59.jar:/Users/azzamnizar/.m2/repository/net/bytebuddy/byte-buddy/1.8.15/byte-buddy-1.8.15.jar:/Users/azzamnizar/.m2/repository/org/apache/commons/commons-exec/1.3/commons-exec-1.3.jar:/Users/azzamnizar/.m2/repository/com/google/guava/guava/25.0-jre/guava-25.0-jre.jar:/Users/azzamnizar/.m2/repository/org/checkerframework/checker-compat-qual/2.0.0/checker-compat-qual-2.0.0.jar:/Users/azzamnizar/.m2/repository/com/google/errorprone/error_prone_annotations/2.1.3/error_prone_annotations-2.1.3.jar:/Users/azzamnizar/.m2/repository/com/google/j2objc/j2objc-annotations/1.1/j2objc-annotations-1.1.jar:/Users/azzamnizar/.m2/repository/org/codehaus/mojo/animal-sniffer-annotations/1.14/animal-sniffer-annotations-1.14.jar:/Users/azzamnizar/.m2/repository/com/squareup/okhttp3/okhttp/3.11.0/okhttp-3.11.0.jar:/Users/azzamnizar/.m2/repository/com/squareup/okio/okio/1.14.0/okio-1.14.0.jar:/Users/azzamnizar/.m2/repository/org/seleniumhq/selenium/selenium-support/3.141.59/selenium-support-3.141.59.jar:/Users/azzamnizar/.m2/repository/org/seleniumhq/selenium/selenium-api/3.141.59/selenium-api-3.141.59.jar:/Users/azzamnizar/.m2/repository/com/google/code/gson/gson/2.8.8/gson-2.8.8.jar:/Users/azzamnizar/.m2/repository/org/apache/httpcomponents/httpclient/4.5.13/httpclient-4.5.13.jar:/Users/azzamnizar/.m2/repository/org/apache/httpcomponents/httpcore/4.4.13/httpcore-4.4.13.jar:/Users/azzamnizar/.m2/repository/commons-logging/commons-logging/1.2/commons-logging-1.2.jar:/Users/azzamnizar/.m2/repository/commons-codec/commons-codec/1.11/commons-codec-1.11.jar:/Users/azzamnizar/.m2/repository/cglib/cglib/3.3.0/cglib-3.3.0.jar:/Users/azzamnizar/.m2/repository/org/ow2/asm/asm/7.1/asm-7.1.jar:/Users/azzamnizar/.m2/repository/commons-validator/commons-validator/1.7/commons-validator-1.7.jar:/Users/azzamnizar/.m2/repository/commons-beanutils/commons-beanutils/1.9.4/commons-beanutils-1.9.4.jar:/Users/azzamnizar/.m2/repository/commons-digester/commons-digester/2.1/commons-digester-2.1.jar:/Users/azzamnizar/.m2/repository/commons-collections/commons-collections/3.2.2/commons-collections-3.2.2.jar:/Users/azzamnizar/.m2/repository/commons-io/commons-io/2.11.0/commons-io-2.11.0.jar:/Users/azzamnizar/.m2/repository/org/springframework/spring-context/5.3.10/spring-context-5.3.10.jar:/Users/azzamnizar/.m2/repository/org/springframework/spring-aop/5.3.10/spring-aop-5.3.10.jar:/Users/azzamnizar/.m2/repository/org/springframework/spring-beans/5.3.10/spring-beans-5.3.10.jar:/Users/azzamnizar/.m2/repository/org/springframework/spring-core/5.3.10/spring-core-5.3.10.jar:/Users/azzamnizar/.m2/repository/org/springframework/spring-jcl/5.3.10/spring-jcl-5.3.10.jar:/Users/azzamnizar/.m2/repository/org/springframework/spring-expression/5.3.10/spring-expression-5.3.10.jar:/Users/azzamnizar/.m2/repository/org/aspectj/aspectjweaver/1.9.7/aspectjweaver-1.9.7.jar:/Users/azzamnizar/.m2/repository/org/slf4j/slf4j-api/1.7.32/slf4j-api-1.7.32.jar:/Users/azzamnizar/.m2/repository/io/cucumber/cucumber-java/7.5.0/cucumber-java-7.5.0.jar:/Users/azzamnizar/.m2/repository/io/cucumber/cucumber-core/7.5.0/cucumber-core-7.5.0.jar:/Users/azzamnizar/.m2/repository/io/cucumber/cucumber-gherkin/7.5.0/cucumber-gherkin-7.5.0.jar:/Users/azzamnizar/.m2/repository/io/cucumber/cucumber-gherkin-messages/7.5.0/cucumber-gherkin-messages-7.5.0.jar:/Users/azzamnizar/.m2/repository/io/cucumber/messages/18.0.0/messages-18.0.0.jar:/Users/azzamnizar/.m2/repository/io/cucumber/tag-expressions/4.1.0/tag-expressions-4.1.0.jar:/Users/azzamnizar/.m2/repository/io/cucumber/cucumber-expressions/16.0.0/cucumber-expressions-16.0.0.jar:/Users/azzamnizar/.m2/repository/io/cucumber/datatable/7.5.0/datatable-7.5.0.jar:/Users/azzamnizar/.m2/repository/io/cucumber/cucumber-plugin/7.5.0/cucumber-plugin-7.5.0.jar:/Users/azzamnizar/.m2/repository/io/cucumber/docstring/7.5.0/docstring-7.5.0.jar:/Users/azzamnizar/.m2/repository/io/cucumber/html-formatter/19.2.0/html-formatter-19.2.0.jar:/Users/azzamnizar/.m2/repository/io/cucumber/ci-environment/9.1.0/ci-environment-9.1.0.jar:/Users/azzamnizar/.m2/repository/org/apiguardian/apiguardian-api/1.1.2/apiguardian-api-1.1.2.jar:/Users/azzamnizar/.m2/repository/io/cucumber/cucumber-testng/7.8.1/cucumber-testng-7.8.1.jar:/Users/azzamnizar/.m2/repository/org/testng/testng/7.6.1/testng-7.6.1.jar:/Users/azzamnizar/.m2/repository/com/google/code/findbugs/jsr305/3.0.2/jsr305-3.0.2.jar:/Users/azzamnizar/.m2/repository/com/beust/jcommander/1.82/jcommander-1.82.jar:/Users/azzamnizar/.m2/repository/org/webjars/jquery/3.6.0/jquery-3.6.0.jar:/Users/azzamnizar/.m2/repository/io/cucumber/cucumber-picocontainer/7.8.1/cucumber-picocontainer-7.8.1.jar:/Users/azzamnizar/.m2/repository/org/picocontainer/picocontainer/2.15/picocontainer-2.15.jar:/Users/azzamnizar/.m2/repository/me/jvt/cucumber/reporting-plugin/7.3.0/reporting-plugin-7.3.0.jar:/Users/azzamnizar/.m2/repository/io/cucumber/gherkin/23.0.1/gherkin-23.0.1.jar:/Users/azzamnizar/.m2/repository/net/masterthought/cucumber-reporting/5.7.0/cucumber-reporting-5.7.0.jar:/Users/azzamnizar/.m2/repository/com/fasterxml/jackson/core/jackson-databind/2.13.0/jackson-databind-2.13.0.jar:/Users/azzamnizar/.m2/repository/com/fasterxml/jackson/core/jackson-annotations/2.13.0/jackson-annotations-2.13.0.jar:/Users/azzamnizar/.m2/repository/com/fasterxml/jackson/core/jackson-core/2.13.0/jackson-core-2.13.0.jar:/Users/azzamnizar/.m2/repository/com/fasterxml/jackson/datatype/jackson-datatype-jsr310/2.13.0/jackson-datatype-jsr310-2.13.0.jar:/Users/azzamnizar/.m2/repository/org/apache/velocity/velocity-engine-core/2.3/velocity-engine-core-2.3.jar:/Users/azzamnizar/.m2/repository/joda-time/joda-time/2.10.10/joda-time-2.10.10.jar:/Users/azzamnizar/.m2/repository/org/codehaus/plexus/plexus-utils/3.3.0/plexus-utils-3.3.0.jar:/Users/azzamnizar/.m2/repository/org/jsoup/jsoup/1.14.2/jsoup-1.14.2.jar:/Users/azzamnizar/.m2/repository/com/googlecode/owasp-java-html-sanitizer/owasp-java-html-sanitizer/20211018.2/owasp-java-html-sanitizer-20211018.2.jar:/Users/azzamnizar/.m2/repository/commons-configuration/commons-configuration/1.10/commons-configuration-1.10.jar:/Users/azzamnizar/.m2/repository/commons-lang/commons-lang/2.6/commons-lang-2.6.jar:"/>
    <property name="sun.cpu.endian" value="little"/>
    <property name="user.home" value="/Users/azzamnizar"/>
    <property name="user.language" value="en"/>
    <property name="java.specification.vendor" value="Oracle Corporation"/>
    <property name="java.version.date" value="2022-04-19"/>
    <property name="java.home" value="/Users/azzamnizar/.sdkman/candidates/java/11.0.15-zulu/zulu-11.jdk/Contents/Home"/>
    <property name="file.separator" value="/"/>
    <property name="basedir" value="/Users/azzamnizar/IdeaProjects/SauceLabsAppium"/>
    <property name="java.vm.compressedOopsMode" value="Zero based"/>
    <property name="line.separator" value="&#10;"/>
    <property name="java.specification.name" value="Java Platform API Specification"/>
    <property name="java.vm.specification.vendor" value="Oracle Corporation"/>
    <property name="jdk.vendor.version" value="Zulu11.56+19-CA"/>
    <property name="java.awt.graphicsenv" value="sun.awt.CGraphicsEnvironment"/>
    <property name="sun.management.compiler" value="HotSpot 64-Bit Tiered Compilers"/>
    <property name="ftp.nonProxyHosts" value="local|*.local|169.254/16|*.169.254/16"/>
    <property name="java.runtime.version" value="11.0.15+10-LTS"/>
    <property name="user.name" value="azzamnizar"/>
    <property name="path.separator" value=":"/>
    <property name="os.version" value="13.0"/>
    <property name="java.runtime.name" value="OpenJDK Runtime Environment"/>
    <property name="file.encoding" value="UTF-8"/>
    <property name="java.vm.name" value="OpenJDK 64-Bit Server VM"/>
    <property name="java.vendor.version" value="Zulu11.56+19-CA"/>
    <property name="localRepository" value="/Users/azzamnizar/.m2/repository"/>
    <property name="java.vendor.url.bug" value="http://www.azul.com/support/"/>
    <property name="java.io.tmpdir" value="/var/folders/ny/49468cp16x37gx_mnvmrhwl80000gn/T/"/>
    <property name="java.version" value="11.0.15"/>
    <property name="user.dir" value="/Users/azzamnizar/IdeaProjects/SauceLabsAppium"/>
    <property name="os.arch" value="aarch64"/>
    <property name="java.vm.specification.name" value="Java Virtual Machine Specification"/>
    <property name="java.awt.printerjob" value="sun.lwawt.macosx.CPrinterJob"/>
    <property name="sun.os.patch.level" value="unknown"/>
    <property name="java.library.path" value="/Users/azzamnizar/Library/Java/Extensions:/Library/Java/Extensions:/Network/Library/Java/Extensions:/System/Library/Java/Extensions:/usr/lib/java:."/>
    <property name="java.vm.info" value="mixed mode"/>
    <property name="java.vendor" value="Azul Systems, Inc."/>
    <property name="java.vm.version" value="11.0.15+10-LTS"/>
    <property name="sun.io.unicode.encoding" value="UnicodeBig"/>
    <property name="java.class.version" value="55.0"/>
    <property name="socksNonProxyHosts" value="local|*.local|169.254/16|*.169.254/16"/>
  </properties>
  <testcase name="runScenario[&quot;As a User, I want to checkout Sauce Lab Back Packs with blue color and quantity is 2&quot;, &quot;Checkout&quot;](1)" classname="runner.RunnerTest" time="25.687">
    <system-out><![CDATA[
@Checkout
Scenario: As a User, I want to checkout Sauce Lab Back Packs with blue color and quantity is 2 # src/test/resources/features/Checkout.feature:4
  Given User is already on Sauce Labs Apps                                                     # steps.CheckoutSteps.userIsAlreadyOnSauceLabsApps()

    Embedding evidence-test [image/png 1291310 bytes]

  When User choose product                                                                     # steps.CheckoutSteps.userChooseProduct()

    Embedding evidence-test [image/png 797954 bytes]

  And User choose color                                                                        # steps.CheckoutSteps.userChooseColor()

    Embedding evidence-test [image/png 797761 bytes]

  And User input quantity                                                                      # steps.CheckoutSteps.userInputQuantity()

    Embedding evidence-test [image/png 800499 bytes]

  And User go to my cart page to proceed to checkout                                           # steps.CheckoutSteps.userGoToMyCartPageToProceedToCheckout()

    Embedding evidence-test [image/png 363306 bytes]

  And User login with correct credentials                                                      # steps.CheckoutSteps.userLoginWithCorrectCredentials()

    Embedding evidence-test [image/png 97718 bytes]

  And User fill the shipping address                                                           # steps.CheckoutSteps.userFillTheShippingAddress()

    Embedding evidence-test [image/png 122259 bytes]

  And User fill the payment method                                                             # steps.CheckoutSteps.userFillThePaymentMethod()

    Embedding evidence-test [image/png 118538 bytes]

  And User place an order                                                                      # steps.CheckoutSteps.userPlaceAnOrder()

    Embedding evidence-test [image/png 382653 bytes]

  Then User successfully checkout the goods                                                    # steps.CheckoutSteps.userSuccessfullyCheckoutTheGoods()

    Embedding evidence-test [image/png 127713 bytes]


    Embedding evidence-test [image/png 127713 bytes]

]]></system-out>
    <system-err><![CDATA[SLF4J: Failed to load class "org.slf4j.impl.StaticLoggerBinder".
SLF4J: Defaulting to no-operation (NOP) logger implementation
SLF4J: See http://www.slf4j.org/codes.html#StaticLoggerBinder for further details.
Nov 30, 2022 2:01:43 PM io.appium.java_client.remote.AppiumCommandExecutor$1 lambda$0
INFO: Detected dialect: W3C
]]></system-err>
  </testcase>
</testsuite>