<?xml version="1.0" encoding="UTF-8"?>
<!-- Generated by org.testng.reporters.JUnitReportReporter -->
<testsuite hostname="Azzams-MacBook-Pro.local" failures="0" tests="1" name="runner.RunnerTest" time="24.420" errors="0" timestamp="2023-03-23T04:53:12 WIB" skipped="0">
  <testcase classname="runner.RunnerTest" name="runScenario" time="24.420"/>
  <system-out/>
</testsuite> <!-- runner.RunnerTest -->
