<?xml version="1.0" encoding="UTF-8"?>
<!-- Generated by org.testng.reporters.JUnitReportReporter -->
<testsuite hostname="Azzams-MacBook-Pro.local" failures="0" tests="1" name="runner.RunnerTest" time="25.681" errors="0" timestamp="2022-11-30T14:02:05 WIB" skipped="0">
  <testcase classname="runner.RunnerTest" name="runScenario" time="25.681"/>
  <system-out/>
</testsuite> <!-- runner.RunnerTest -->
